<?xml version="1.0" encoding="UTF-8"?>
<!-- Generated by org.testng.reporters.JUnitXMLReporter -->
<testsuite ignored="0" hostname="DESKTOP-7S4VF7G" failures="0" tests="4" name="Command line test" time="0.057" errors="0" timestamp="2023-04-03T10:10:08 IST">
  <testcase classname="mavenpackage.TestScript01" name="testscript01" time="0.007"/>
  <testcase classname="mavenpackage.TestScript01" name="testscript02" time="0.001"/>
  <testcase classname="mavenpackage.TestScript02" name="testscript03" time="0.0"/>
  <testcase classname="mavenpackage.TestScript02" name="testscript04" time="0.001"/>
</testsuite> <!-- Command line test -->
