<?xml version="1.0" encoding="UTF-8"?>
<testng-results ignored="0" total="4" passed="4" failed="0" skipped="0">
  <reporter-output>
  </reporter-output>
  <suite started-at="2023-04-03T10:10:08 IST" name="Command line suite" finished-at="2023-04-03T10:10:08 IST" duration-ms="57">
    <groups>
      <group name="regression">
        <method signature="TestScript01.testscript02()[pri:0, instance:mavenpackage.TestScript01@1e4a7dd4]" name="testscript02" class="mavenpackage.TestScript01"/>
      </group> <!-- regression -->
      <group name="smoke">
        <method signature="TestScript01.testscript01()[pri:0, instance:mavenpackage.TestScript01@1e4a7dd4]" name="testscript01" class="mavenpackage.TestScript01"/>
        <method signature="TestScript02.testscript03()[pri:0, instance:mavenpackage.TestScript02@50de0926]" name="testscript03" class="mavenpackage.TestScript02"/>
        <method signature="TestScript02.testscript04()[pri:0, instance:mavenpackage.TestScript02@50de0926]" name="testscript04" class="mavenpackage.TestScript02"/>
      </group> <!-- smoke -->
    </groups>
    <test started-at="2023-04-03T10:10:08 IST" name="Command line test" finished-at="2023-04-03T10:10:08 IST" duration-ms="57">
      <class name="mavenpackage.TestScript01">
        <test-method signature="testscript01()[pri:0, instance:mavenpackage.TestScript01@1e4a7dd4]" started-at="2023-04-03T10:10:08 IST" name="testscript01" finished-at="2023-04-03T10:10:08 IST" duration-ms="7" status="PASS">
          <reporter-output>
          </reporter-output>
        </test-method> <!-- testscript01 -->
        <test-method signature="testscript02()[pri:0, instance:mavenpackage.TestScript01@1e4a7dd4]" started-at="2023-04-03T10:10:08 IST" name="testscript02" finished-at="2023-04-03T10:10:08 IST" duration-ms="1" status="PASS">
          <reporter-output>
          </reporter-output>
        </test-method> <!-- testscript02 -->
      </class> <!-- mavenpackage.TestScript01 -->
      <class name="mavenpackage.TestScript02">
        <test-method signature="testscript03()[pri:0, instance:mavenpackage.TestScript02@50de0926]" started-at="2023-04-03T10:10:08 IST" name="testscript03" finished-at="2023-04-03T10:10:08 IST" duration-ms="0" status="PASS">
          <reporter-output>
          </reporter-output>
        </test-method> <!-- testscript03 -->
        <test-method signature="testscript04()[pri:0, instance:mavenpackage.TestScript02@50de0926]" started-at="2023-04-03T10:10:08 IST" name="testscript04" finished-at="2023-04-03T10:10:08 IST" duration-ms="1" status="PASS">
          <reporter-output>
          </reporter-output>
        </test-method> <!-- testscript04 -->
      </class> <!-- mavenpackage.TestScript02 -->
    </test> <!-- Command line test -->
  </suite> <!-- Command line suite -->
</testng-results>
